<?xml version="1.0" encoding="UTF-8"?>
<!-- Generated by org.testng.reporters.JUnitXMLReporter -->
<testsuite ignored="0" hostname="TTNPL-DeepanshuTyagi" failures="0" tests="4" name="Default test" time="17.746" errors="0" timestamp="2022-10-11T15:23:28 IST">
  <testcase classname="com.ScriptaInsight.Testcases.DrugNdcListByDrugId" name="TC01_Existing_DrugId" time="5.646"/>
  <testcase classname="com.ScriptaInsight.Testcases.DrugNdcListByDrugId" name="TC02_Non_Existing_DrugId" time="5.398"/>
  <testcase classname="com.ScriptaInsight.Testcases.DrugNdcListByDrugId" name="TC03_Invalid_DrugId" time="5.028"/>
  <testcase classname="com.ScriptaInsight.Testcases.DrugNdcListByDrugId" name="TC04_Invalid_Authorization_token" time="1.638"/>
</testsuite> <!-- Default test -->
