<?xml version="1.0" encoding="UTF-8"?>
<testng-results ignored="0" total="4" passed="4" failed="0" skipped="0">
  <reporter-output>
    <line>
      <![CDATA[Get NDC List by Drug ID-Passed]]>
    </line>
    <line>
      <![CDATA[Drug NDC List By Drug Id Test Run Completed]]>
    </line>
  </reporter-output>
  <suite started-at="2022-10-11T15:23:10 IST" name="Default suite" finished-at="2022-10-11T15:23:28 IST" duration-ms="17746">
    <groups>
    </groups>
    <test started-at="2022-10-11T15:23:10 IST" name="Default test" finished-at="2022-10-11T15:23:28 IST" duration-ms="17746">
      <class name="com.ScriptaInsight.Testcases.DrugNdcListByDrugId">
        <test-method signature="TC01_Existing_DrugId()[pri:0, instance:com.ScriptaInsight.Testcases.DrugNdcListByDrugId@1e683a3e]" started-at="2022-10-11T15:23:10 IST" name="TC01_Existing_DrugId" finished-at="2022-10-11T15:23:16 IST" duration-ms="5646" status="PASS">
          <reporter-output>
            <line>
              <![CDATA[Get NDC List by Drug ID-Passed]]>
            </line>
          </reporter-output>
        </test-method> <!-- TC01_Existing_DrugId -->
        <test-method signature="TC02_Non_Existing_DrugId()[pri:0, instance:com.ScriptaInsight.Testcases.DrugNdcListByDrugId@1e683a3e]" started-at="2022-10-11T15:23:16 IST" name="TC02_Non_Existing_DrugId" finished-at="2022-10-11T15:23:21 IST" duration-ms="5398" status="PASS">
          <reporter-output>
          </reporter-output>
        </test-method> <!-- TC02_Non_Existing_DrugId -->
        <test-method signature="TC03_Invalid_DrugId()[pri:0, instance:com.ScriptaInsight.Testcases.DrugNdcListByDrugId@1e683a3e]" started-at="2022-10-11T15:23:21 IST" name="TC03_Invalid_DrugId" finished-at="2022-10-11T15:23:26 IST" duration-ms="5028" status="PASS">
          <reporter-output>
          </reporter-output>
        </test-method> <!-- TC03_Invalid_DrugId -->
        <test-method signature="TC04_Invalid_Authorization_token()[pri:0, instance:com.ScriptaInsight.Testcases.DrugNdcListByDrugId@1e683a3e]" started-at="2022-10-11T15:23:26 IST" name="TC04_Invalid_Authorization_token" finished-at="2022-10-11T15:23:28 IST" duration-ms="1638" status="PASS">
          <reporter-output>
            <line>
              <![CDATA[Drug NDC List By Drug Id Test Run Completed]]>
            </line>
          </reporter-output>
        </test-method> <!-- TC04_Invalid_Authorization_token -->
      </class> <!-- com.ScriptaInsight.Testcases.DrugNdcListByDrugId -->
    </test> <!-- Default test -->
  </suite> <!-- Default suite -->
</testng-results>
