<?xml version="1.0" encoding="UTF-8"?>
<testsuite xmlns:xsi="http://www.w3.org/2001/XMLSchema-instance" xsi:noNamespaceSchemaLocation="https://maven.apache.org/surefire/maven-surefire-plugin/xsd/surefire-test-report-3.0.xsd" version="3.0" name="TestSuite" time="1.251" tests="9" errors="0" skipped="8" failures="1">
  <properties>
[...]
</properties>
  <testcase name="DeleteDrugid" classname="com.ScriptaInsight.Testcases.DiscontinueDrugAPI" time="1.115">
    <failure message="Communications link failure&#10;&#10;The last packet successfully received from the server was 107 milliseconds ago.  The last packet sent successfully to the server was 92 milliseconds ago." type="com.mysql.jdbc.exceptions.jdbc4.CommunicationsException"><![CDATA[com.mysql.jdbc.exceptions.jdbc4.CommunicationsException: 
Communications link failure

The last packet successfully received from the server was 107 milliseconds ago.  The last packet sent successfully to the server was 92 milliseconds ago.
	at com.ScriptaInsight.Testcases.DiscontinueDrugAPI.DeleteDrugid(DiscontinueDrugAPI.java:27)
Caused by: javax.net.ssl.SSLHandshakeException: No appropriate protocol (protocol is disabled or cipher suites are inappropriate)
	at com.ScriptaInsight.Testcases.DiscontinueDrugAPI.DeleteDrugid(DiscontinueDrugAPI.java:27)
]]></failure>
    <system-err><![CDATA[SLF4J: Failed to load class "org.slf4j.impl.StaticLoggerBinder".
SLF4J: Defaulting to no-operation (NOP) logger implementation
SLF4J: See http://www.slf4j.org/codes.html#StaticLoggerBinder for further details.
Thu Oct 06 11:54:22 IST 2022 WARN: Establishing SSL connection without server's identity verification is not recommended. According to MySQL 5.5.45+, 5.6.26+ and 5.7.6+ requirements SSL connection must be established by default if explicit option isn't set. For compliance with existing applications not using SSL the verifyServerCertificate property is set to 'false'. You need either to explicitly disable SSL by setting useSSL=false, or set useSSL=true and provide truststore for server certificate verification.
]]></system-err>
  </testcase>
  <testcase name="TC01_Valid_DrugId" classname="com.ScriptaInsight.Testcases.DiscontinueDrugAPI" time="0">
    <skipped message="Communications link failure&#10;&#10;The last packet successfully received from the server was 107 milliseconds ago.  The last packet sent successfully to the server was 92 milliseconds ago."/>
  </testcase>
  <testcase name="TC02_Existing_Discontinued_Drug" classname="com.ScriptaInsight.Testcases.DiscontinueDrugAPI" time="0">
    <skipped message="Communications link failure&#10;&#10;The last packet successfully received from the server was 107 milliseconds ago.  The last packet sent successfully to the server was 92 milliseconds ago."/>
  </testcase>
  <testcase name="TC03_Invalid_DrugId" classname="com.ScriptaInsight.Testcases.DiscontinueDrugAPI" time="0">
    <skipped message="Communications link failure&#10;&#10;The last packet successfully received from the server was 107 milliseconds ago.  The last packet sent successfully to the server was 92 milliseconds ago."/>
  </testcase>
  <testcase name="TC04_Invalid_Authorization_Token" classname="com.ScriptaInsight.Testcases.DiscontinueDrugAPI" time="0">
    <skipped message="Communications link failure&#10;&#10;The last packet successfully received from the server was 107 milliseconds ago.  The last packet sent successfully to the server was 92 milliseconds ago."/>
  </testcase>
  <testcase name="TC01_Existing_DrugId" classname="com.ScriptaInsight.Testcases.DrugNdcListByDrugId" time="0">
    <skipped message="Communications link failure&#10;&#10;The last packet successfully received from the server was 107 milliseconds ago.  The last packet sent successfully to the server was 92 milliseconds ago."/>
  </testcase>
  <testcase name="TC02_Non_Existing_DrugId" classname="com.ScriptaInsight.Testcases.DrugNdcListByDrugId" time="0">
    <skipped message="Communications link failure&#10;&#10;The last packet successfully received from the server was 107 milliseconds ago.  The last packet sent successfully to the server was 92 milliseconds ago."/>
  </testcase>
  <testcase name="TC03_Invalid_DrugId" classname="com.ScriptaInsight.Testcases.DrugNdcListByDrugId" time="0">
    <skipped message="Communications link failure&#10;&#10;The last packet successfully received from the server was 107 milliseconds ago.  The last packet sent successfully to the server was 92 milliseconds ago."/>
  </testcase>
  <testcase name="TC04_Invalid_Authorization_token" classname="com.ScriptaInsight.Testcases.DrugNdcListByDrugId" time="0">
    <skipped message="Communications link failure&#10;&#10;The last packet successfully received from the server was 107 milliseconds ago.  The last packet sent successfully to the server was 92 milliseconds ago."/>
  </testcase>
</testsuite>