<?xml version="1.0" encoding="UTF-8"?>
<!-- Generated by org.testng.reporters.JUnitXMLReporter -->
<testsuite ignored="0" hostname="TTNPL-DeepanshuTyagi" failures="2" tests="8" name="Test" time="30.952" errors="0" timestamp="2022-10-06T11:56:28 IST">
  <testcase classname="com.ScriptaInsight.Testcases.DiscontinueDrugAPI" name="TC01_Valid_DrugId" time="4.629">
    <failure type="java.lang.AssertionError" message="expected [201] but found [500]">
      <![CDATA[java.lang.AssertionError: expected [201] but found [500]
at com.ScriptaInsight.Testcases.DiscontinueDrugAPI.TC01_Valid_DrugId(DiscontinueDrugAPI.java:46)
at java.base/java.util.ArrayList.forEach(ArrayList.java:1511)
... Removed 33 stack frames]]>
    </failure>
  </testcase> <!-- TC01_Valid_DrugId -->
  <testcase classname="com.ScriptaInsight.Testcases.DiscontinueDrugAPI" name="TC02_Existing_Discontinued_Drug" time="3.943">
    <failure type="java.lang.AssertionError" message="expected [409] but found [500]">
      <![CDATA[java.lang.AssertionError: expected [409] but found [500]
at com.ScriptaInsight.Testcases.DiscontinueDrugAPI.TC02_Existing_Discontinued_Drug(DiscontinueDrugAPI.java:84)
at java.base/java.util.ArrayList.forEach(ArrayList.java:1511)
... Removed 33 stack frames]]>
    </failure>
  </testcase> <!-- TC02_Existing_Discontinued_Drug -->
  <testcase classname="com.ScriptaInsight.Testcases.DiscontinueDrugAPI" name="TC03_Invalid_DrugId" time="3.718"/>
  <testcase classname="com.ScriptaInsight.Testcases.DiscontinueDrugAPI" name="TC04_Invalid_Authorization_Token" time="1.414"/>
  <testcase classname="com.ScriptaInsight.Testcases.DrugNdcListByDrugId" name="TC01_Existing_DrugId" time="4.542"/>
  <testcase classname="com.ScriptaInsight.Testcases.DrugNdcListByDrugId" name="TC02_Non_Existing_DrugId" time="3.98"/>
  <testcase classname="com.ScriptaInsight.Testcases.DrugNdcListByDrugId" name="TC03_Invalid_DrugId" time="3.906"/>
  <testcase classname="com.ScriptaInsight.Testcases.DrugNdcListByDrugId" name="TC04_Invalid_Authorization_token" time="1.378"/>
</testsuite> <!-- Test -->
