<?xml version="1.0" encoding="UTF-8"?>
<!-- Generated by org.testng.reporters.JUnitXMLReporter -->
<testsuite ignored="0" hostname="TTNPL-DeepanshuTyagi" failures="0" tests="8" name="Test" time="0.883" errors="0" timestamp="2022-10-06T11:54:22 IST">
  <testcase classname="com.ScriptaInsight.Testcases.DiscontinueDrugAPI" name="@BeforeTest DeleteDrugid" time="0.854">
    <failure type="com.mysql.jdbc.exceptions.jdbc4.CommunicationsException" message="Communications link failure

The last packet successfully received from the server was 107 milliseconds ago.  The last packet sent successfully to the server was 92 milliseconds ago.">
      <![CDATA[com.mysql.jdbc.exceptions.jdbc4.CommunicationsException: Communications link failure

The last packet successfully received from the server was 107 milliseconds ago.  The last packet sent successfully to the server was 92 milliseconds ago.
at com.mysql.jdbc.Util.handleNewInstance(Util.java:425)
at com.mysql.jdbc.SQLError.createCommunicationsException(SQLError.java:989)
at com.mysql.jdbc.ExportControlled.transformSocketToSSLSocket(ExportControlled.java:164)
at com.mysql.jdbc.MysqlIO.negotiateSSLConnection(MysqlIO.java:4901)
at com.mysql.jdbc.MysqlIO.proceedHandshakeWithPluggableAuthentication(MysqlIO.java:1659)
at com.mysql.jdbc.MysqlIO.doHandshake(MysqlIO.java:1226)
at com.mysql.jdbc.ConnectionImpl.coreConnect(ConnectionImpl.java:2205)
at com.mysql.jdbc.ConnectionImpl.connectOneTryOnly(ConnectionImpl.java:2236)
at com.mysql.jdbc.ConnectionImpl.createNewIO(ConnectionImpl.java:2035)
at com.mysql.jdbc.ConnectionImpl.<init>(ConnectionImpl.java:790)
at com.mysql.jdbc.JDBC4Connection.<init>(JDBC4Connection.java:47)
at com.mysql.jdbc.Util.handleNewInstance(Util.java:425)
at com.mysql.jdbc.ConnectionImpl.getInstance(ConnectionImpl.java:400)
at com.mysql.jdbc.NonRegisteringDriver.connect(NonRegisteringDriver.java:330)
at java.sql/java.sql.DriverManager.getConnection(DriverManager.java:677)
at java.sql/java.sql.DriverManager.getConnection(DriverManager.java:228)
at com.ScriptaInsight.base.DataBaseConnection.DeleteDrugid(DataBaseConnection.java:16)
at com.ScriptaInsight.Testcases.DiscontinueDrugAPI.DeleteDrugid(DiscontinueDrugAPI.java:27)
Caused by: javax.net.ssl.SSLHandshakeException: No appropriate protocol (protocol is disabled or cipher suites are inappropriate)
at java.base/sun.security.ssl.HandshakeContext.<init>(HandshakeContext.java:172)
at java.base/sun.security.ssl.ClientHandshakeContext.<init>(ClientHandshakeContext.java:98)
at java.base/sun.security.ssl.TransportContext.kickstart(TransportContext.java:238)
at java.base/sun.security.ssl.SSLSocketImpl.startHandshake(SSLSocketImpl.java:434)
at java.base/sun.security.ssl.SSLSocketImpl.startHandshake(SSLSocketImpl.java:412)
at com.mysql.jdbc.ExportControlled.transformSocketToSSLSocket(ExportControlled.java:149)
... 48 more
... Removed 38 stack frames]]>
    </failure>
  </testcase> <!-- @BeforeTest DeleteDrugid -->
  <testcase classname="com.ScriptaInsight.Testcases.DiscontinueDrugAPI" name="TC01_Valid_DrugId" time="0.0">
    <skipped/>
  </testcase> <!-- TC01_Valid_DrugId -->
  <testcase classname="com.ScriptaInsight.Testcases.DiscontinueDrugAPI" name="TC02_Existing_Discontinued_Drug" time="0.0">
    <skipped/>
  </testcase> <!-- TC02_Existing_Discontinued_Drug -->
  <testcase classname="com.ScriptaInsight.Testcases.DiscontinueDrugAPI" name="TC03_Invalid_DrugId" time="0.001">
    <skipped/>
  </testcase> <!-- TC03_Invalid_DrugId -->
  <testcase classname="com.ScriptaInsight.Testcases.DiscontinueDrugAPI" name="TC04_Invalid_Authorization_Token" time="0.0">
    <skipped/>
  </testcase> <!-- TC04_Invalid_Authorization_Token -->
  <testcase classname="com.ScriptaInsight.Testcases.DrugNdcListByDrugId" name="TC01_Existing_DrugId" time="0.0">
    <skipped/>
  </testcase> <!-- TC01_Existing_DrugId -->
  <testcase classname="com.ScriptaInsight.Testcases.DrugNdcListByDrugId" name="TC02_Non_Existing_DrugId" time="0.0">
    <skipped/>
  </testcase> <!-- TC02_Non_Existing_DrugId -->
  <testcase classname="com.ScriptaInsight.Testcases.DrugNdcListByDrugId" name="TC03_Invalid_DrugId" time="0.0">
    <skipped/>
  </testcase> <!-- TC03_Invalid_DrugId -->
  <testcase classname="com.ScriptaInsight.Testcases.DrugNdcListByDrugId" name="TC04_Invalid_Authorization_token" time="0.0">
    <skipped/>
  </testcase> <!-- TC04_Invalid_Authorization_token -->
</testsuite> <!-- Test -->
